Log file open, 02/08/22 01:36:24
LogWindows: Failed to load 'aqProf.dll' (GetLastError=126)
LogWindows: File 'aqProf.dll' does not exist
LogWindows: Failed to load 'VtuneApi.dll' (GetLastError=126)
LogWindows: File 'VtuneApi.dll' does not exist
LogWindows: Failed to load 'VtuneApi32e.dll' (GetLastError=126)
LogWindows: File 'VtuneApi32e.dll' does not exist
LogConsoleResponse: Display: Failed to find resolution value strings in scalability ini. Falling back to default.
LogConsoleResponse: Display: Failed to find resolution value strings in scalability ini. Falling back to default.
LogPakFile: Display: Found Pak file ../../../OnlineShooter/Content/Paks/OnlineShooter-WindowsNoEditor.pak attempting to mount.
LogPakFile: Display: Mounting pak file ../../../OnlineShooter/Content/Paks/OnlineShooter-WindowsNoEditor.pak.
LogPakFile: PakFile PrimaryIndexSize=27014
LogPakFile: PakFile PathHashIndexSize=45807
LogPakFile: PakFile FullDirectoryIndexSize=57702
LogShaderLibrary: Display: ShaderCodeLibraryPakFileMountedCallback: PakFile '../../../OnlineShooter/Content/Paks/OnlineShooter-WindowsNoEditor.pak' (chunk index -1, root '../../../') mounted
LogShaderLibrary: Display: ShaderCodeLibraryPakFileMountedCallback: pending pak file info (ChunkID:-1 Root:../../../ File:../../../OnlineShooter/Content/Paks/OnlineShooter-WindowsNoEditor.pak)
LogPakFile: OnPakFileMounted2Time == 0.000065
LogPlatformFile: Not using cached read wrapper
LogTaskGraph: Started task graph with 5 named threads and 23 total threads with 3 sets of task threads.
LogStats: Stats thread started at 0.100192
LogICUInternationalization: ICU TimeZone Detection - Raw Offset: +0:00, Platform Override: ''
LogInit: Display: Loading text-based GConfig....
LogPluginManager: Mounting plugin Paper2D
LogPluginManager: Mounting plugin AISupport
LogPluginManager: Mounting plugin EnvironmentQueryEditor
LogPluginManager: Mounting plugin LightPropagationVolume
LogPluginManager: Mounting plugin CameraShakePreviewer
LogPluginManager: Mounting plugin GameplayCameras
LogPluginManager: Mounting plugin TemplateSequence
LogPluginManager: Mounting plugin LevelSequenceEditor
LogPluginManager: Mounting plugin OodleData
LogPluginManager: Mounting plugin OodleNetwork
LogPluginManager: Mounting plugin AnimationSharing
LogPluginManager: Mounting plugin SignificanceManager
LogPluginManager: Mounting plugin PixWinPlugin
LogPluginManager: Mounting plugin PluginUtils
LogPluginManager: Mounting plugin PropertyAccessEditor
LogPluginManager: Mounting plugin UObjectPlugin
LogPluginManager: Mounting plugin AssetManagerEditor
LogPluginManager: Mounting plugin FacialAnimation
LogPluginManager: Mounting plugin GeometryMode
LogPluginManager: Mounting plugin SpeedTreeImporter
LogPluginManager: Mounting plugin DatasmithContent
LogPluginManager: Mounting plugin VariantManagerContent
LogPluginManager: Mounting plugin AlembicImporter
LogPluginManager: Mounting plugin GeometryCache
LogPluginManager: Mounting plugin AutomationUtils
LogPluginManager: Mounting plugin ScreenshotTools
LogPluginManager: Mounting plugin BackChannel
LogPluginManager: Mounting plugin ChaosClothEditor
LogPluginManager: Mounting plugin ChaosCloth
LogPluginManager: Mounting plugin ChaosEditor
LogPluginManager: Mounting plugin PlanarCut
LogPluginManager: Mounting plugin GeometryProcessing
LogPluginManager: Mounting plugin EditableMesh
LogPluginManager: Mounting plugin GeometryCollectionPlugin
LogPluginManager: Mounting plugin ProceduralMeshComponent
LogPluginManager: Mounting plugin ChaosSolverPlugin
LogPluginManager: Mounting plugin ChaosNiagara
LogPluginManager: Mounting plugin Niagara
LogPluginManager: Mounting plugin PythonScriptPlugin
LogPluginManager: Mounting plugin CharacterAI
LogPluginManager: Mounting plugin MotoSynth
LogPluginManager: Mounting plugin OpenImageDenoise
LogPluginManager: Mounting plugin PlatformCrypto
LogPluginManager: Mounting plugin MagicLeapPassableWorld
LogPluginManager: Mounting plugin MagicLeap
LogPluginManager: Mounting plugin MLSDK
LogPluginManager: Mounting plugin MagicLeapLightEstimation
LogPluginManager: Mounting plugin AvfMedia
LogPluginManager: Mounting plugin ImgMedia
LogPluginManager: Mounting plugin MediaCompositing
LogPluginManager: Mounting plugin WmfMedia
LogPluginManager: Mounting plugin MeshPainting
LogPluginManager: Mounting plugin TcpMessaging
LogPluginManager: Mounting plugin UdpMessaging
LogPluginManager: Mounting plugin ActorSequence
LogPluginManager: Mounting plugin MatineeToLevelSequence
LogPluginManager: Mounting plugin OnlineSubsystemNull
LogPluginManager: Mounting plugin OnlineSubsystem
LogPluginManager: Mounting plugin OnlineSubsystemUtils
LogPluginManager: Mounting plugin LauncherChunkInstaller
LogPluginManager: Mounting plugin ActorLayerUtilities
LogPluginManager: Mounting plugin AndroidPermission
LogPluginManager: Mounting plugin AppleImageUtils
LogPluginManager: Mounting plugin ArchVisCharacter
LogPluginManager: Mounting plugin AssetTags
LogPluginManager: Mounting plugin AudioCapture
LogPluginManager: Mounting plugin CableComponent
LogPluginManager: Mounting plugin ChunkDownloader
LogPluginManager: Mounting plugin CustomMeshComponent
LogPluginManager: Mounting plugin ExampleDeviceProfileSelector
LogPluginManager: Mounting plugin GooglePAD
LogPluginManager: Mounting plugin LocationServicesBPLibrary
LogPluginManager: Mounting plugin MobilePatchingUtils
LogPluginManager: Mounting plugin OculusVR
LogPluginManager: Mounting plugin OpenXREyeTracker
LogPluginManager: Mounting plugin OpenXR
LogPluginManager: Mounting plugin OpenXRHandTracking
LogPluginManager: Mounting plugin LiveLink
LogPluginManager: Mounting plugin Takes
LogPluginManager: Mounting plugin PhysXVehicles
LogPluginManager: Mounting plugin RuntimePhysXCooking
LogPluginManager: Mounting plugin SoundFields
LogPluginManager: Mounting plugin SteamVR
LogPluginManager: Mounting plugin Synthesis
LogPluginManager: Mounting plugin AudioSynesthesia
LogPluginManager: Mounting plugin WebMMoviePlayer
LogPluginManager: Mounting plugin WebMMedia
LogPluginManager: Mounting plugin WindowsMoviePlayer
PixWinPlugin: PIX capture plugin failed to initialize! Check that the process is launched from PIX.
LogLuminAPIImpl: Warning: MLSDK not found.  This likely means the MLSDK environment variable is not set.
LogInit: Using libcurl 7.55.1-DEV
LogInit:  - built for x86_64-pc-win32
LogInit:  - supports SSL with OpenSSL/1.1.1
LogInit:  - supports HTTP deflate (compression) using libz 1.2.8
LogInit:  - other features:
LogInit:      CURL_VERSION_SSL
LogInit:      CURL_VERSION_LIBZ
LogInit:      CURL_VERSION_IPV6
LogInit:      CURL_VERSION_ASYNCHDNS
LogInit:      CURL_VERSION_LARGEFILE
LogInit:      CURL_VERSION_IDN
LogInit:  CurlRequestOptions (configurable via config and command line):
LogInit:  - bVerifyPeer = true  - Libcurl will verify peer certificate
LogInit:  - bUseHttpProxy = false  - Libcurl will NOT use HTTP proxy
LogInit:  - bDontReuseConnections = false  - Libcurl will reuse connections
LogInit:  - MaxHostConnections = 16  - Libcurl will limit the number of connections to a host
LogInit:  - LocalHostAddr = Default
LogInit:  - BufferSize = 65536
LogOnline: OSS: Creating online subsystem instance for: NULL
LogInit: WinSock: version 1.1 (2.2), MaxSocks=32767, MaxUdp=65467
LogOnline: OSS: TryLoadSubsystemAndSetDefault: Loaded subsystem for module [NULL]
LogOculusPluginWrapper: OculusPlugin initialized successfully
LogHMD: Failed initializing OVRPlugin 1.59.0
LogInit: Build: ++UE4+Release-4.27-CL-18319896
LogInit: Engine Version: 4.27.2-18319896+++UE4+Release-4.27
LogInit: Compatible Engine Version: 4.27.0-17155196+++UE4+Release-4.27
LogInit: Net CL: 17155196
LogInit: OS: Windows 10 (Release 2009) (), CPU: Intel(R) Core(TM) i7-6700K CPU @ 4.00GHz, GPU: NVIDIA GeForce GTX 1050 Ti
LogInit: Compiled (64-bit): Nov 30 2021 07:26:28
LogInit: Compiled with Visual C++: 19.16.27032.01
LogInit: Build Configuration: Development
LogInit: Branch Name: ++UE4+Release-4.27
LogInit: Command Line:  -LOG
LogInit: Base Directory: C:/Users/DesignDemon/Documents/Unreal Projects/OnlineShooter/win_build/WindowsNoEditor/OnlineShooter/Binaries/Win64/
LogInit: Allocator: binned2
LogInit: Installed Engine Build: 0
LogDevObjectVersion: Number of dev versions registered: 29
LogDevObjectVersion:   Dev-Blueprints (B0D832E4-1F89-4F0D-ACCF-7EB736FD4AA2): 10
LogDevObjectVersion:   Dev-Build (E1C64328-A22C-4D53-A36C-8E866417BD8C): 0
LogDevObjectVersion:   Dev-Core (375EC13C-06E4-48FB-B500-84F0262A717E): 4
LogDevObjectVersion:   Dev-Editor (E4B068ED-F494-42E9-A231-DA0B2E46BB41): 40
LogDevObjectVersion:   Dev-Framework (CFFC743F-43B0-4480-9391-14DF171D2073): 37
LogDevObjectVersion:   Dev-Mobile (B02B49B5-BB20-44E9-A304-32B752E40360): 3
LogDevObjectVersion:   Dev-Networking (A4E4105C-59A1-49B5-A7C5-40C4547EDFEE): 0
LogDevObjectVersion:   Dev-Online (39C831C9-5AE6-47DC-9A44-9C173E1C8E7C): 0
LogDevObjectVersion:   Dev-Physics (78F01B33-EBEA-4F98-B9B4-84EACCB95AA2): 14
LogDevObjectVersion:   Dev-Platform (6631380F-2D4D-43E0-8009-CF276956A95A): 0
LogDevObjectVersion:   Dev-Rendering (12F88B9F-8875-4AFC-A67C-D90C383ABD29): 45
LogDevObjectVersion:   Dev-Sequencer (7B5AE74C-D270-4C10-A958-57980B212A5A): 13
LogDevObjectVersion:   Dev-VR (D7296918-1DD6-4BDD-9DE2-64A83CC13884): 3
LogDevObjectVersion:   Dev-LoadTimes (C2A15278-BFE7-4AFE-6C17-90FF531DF755): 1
LogDevObjectVersion:   Private-Geometry (6EACA3D4-40EC-4CC1-B786-8BED09428FC5): 3
LogDevObjectVersion:   Dev-AnimPhys (29E575DD-E0A3-4627-9D10-D276232CDCEA): 17
LogDevObjectVersion:   Dev-Anim (AF43A65D-7FD3-4947-9873-3E8ED9C1BB05): 15
LogDevObjectVersion:   Dev-ReflectionCapture (6B266CEC-1EC7-4B8F-A30B-E4D90942FC07): 1
LogDevObjectVersion:   Dev-Automation (0DF73D61-A23F-47EA-B727-89E90C41499A): 1
LogDevObjectVersion:   FortniteMain (601D1886-AC64-4F84-AA16-D3DE0DEAC7D6): 47
LogDevObjectVersion:   FortniteRelease (E7086368-6B23-4C58-8439-1B7016265E91): 1
LogDevObjectVersion:   Dev-Enterprise (9DFFBCD6-494F-0158-E221-12823C92A888): 10
LogDevObjectVersion:   Dev-Niagara (F2AED0AC-9AFE-416F-8664-AA7FFA26D6FC): 1
LogDevObjectVersion:   Dev-Destruction (174F1F0B-B4C6-45A5-B13F-2EE8D0FB917D): 10
LogDevObjectVersion:   Dev-Physics-Ext (35F94A83-E258-406C-A318-09F59610247C): 41
LogDevObjectVersion:   Dev-PhysicsMaterial-Chaos (B68FC16E-8B1B-42E2-B453-215C058844FE): 1
LogDevObjectVersion:   Dev-CineCamera (B2E18506-4273-CFC2-A54E-F4BB758BBA07): 1
LogDevObjectVersion:   Dev-VirtualProduction (64F58936-FD1B-42BA-BA96-7289D5D0FA4E): 1
LogDevObjectVersion:   Dev-MediaFramework (6F0ED827-A609-4895-9C91-998D90180EA4): 2
LogInit: Presizing for max 2097152 objects, including 1 objects not considered by GC, pre-allocating 0 bytes for permanent pool.
LogConfig: Applying CVar settings from Section [/Script/Engine.StreamingSettings] File [../../../OnlineShooter/Saved/Config/WindowsNoEditor/Engine.ini]
LogConfig: Setting CVar [[s.MinBulkDataSizeForAsyncLoading:131072]]
LogConfig: Setting CVar [[s.AsyncLoadingThreadEnabled:0]]
LogConfig: Setting CVar [[s.EventDrivenLoaderEnabled:1]]
LogConfig: Setting CVar [[s.WarnIfTimeLimitExceeded:0]]
LogConfig: Setting CVar [[s.TimeLimitExceededMultiplier:1.5]]
LogConfig: Setting CVar [[s.TimeLimitExceededMinTime:0.005]]
LogConfig: Setting CVar [[s.UseBackgroundLevelStreaming:1]]
LogConfig: Setting CVar [[s.PriorityAsyncLoadingExtraTime:15.0]]
LogConfig: Setting CVar [[s.LevelStreamingActorsUpdateTimeLimit:5.0]]
LogConfig: Setting CVar [[s.PriorityLevelStreamingActorsUpdateExtraTime:5.0]]
LogConfig: Setting CVar [[s.LevelStreamingComponentsRegistrationGranularity:10]]
LogConfig: Setting CVar [[s.UnregisterComponentsTimeLimit:1.0]]
LogConfig: Setting CVar [[s.LevelStreamingComponentsUnregistrationGranularity:5]]
LogConfig: Setting CVar [[s.FlushStreamingOnExit:1]]
LogStreaming: Display: Async Loading initialized: Event Driven Loader: true, Async Loading Thread: false, Async Post Load: true
LogInit: Object subsystem initialized
LogConfig: Setting CVar [[con.DebugEarlyDefault:1]]
LogConfig: Setting CVar [[r.setres:1280x720]]
LogConfig: Setting CVar [[fx.NiagaraAllowRuntimeScalabilityChanges:1]]
[2022.02.08-01.36.27:115][  0]LogConfig: Setting CVar [[con.DebugEarlyDefault:1]]
[2022.02.08-01.36.27:116][  0]LogConfig: Setting CVar [[r.setres:1280x720]]
[2022.02.08-01.36.27:117][  0]LogConfig: Setting CVar [[fx.NiagaraAllowRuntimeScalabilityChanges:1]]
[2022.02.08-01.36.27:117][  0]LogConfig: Applying CVar settings from Section [/Script/Engine.RendererSettings] File [../../../OnlineShooter/Saved/Config/WindowsNoEditor/Engine.ini]
[2022.02.08-01.36.27:118][  0]LogConfig: Setting CVar [[r.GPUCrashDebugging:0]]
[2022.02.08-01.36.27:118][  0]LogConfig: Applying CVar settings from Section [/Script/Engine.RendererOverrideSettings] File [../../../OnlineShooter/Saved/Config/WindowsNoEditor/Engine.ini]
[2022.02.08-01.36.27:119][  0]LogConfig: Applying CVar settings from Section [/Script/Engine.StreamingSettings] File [../../../OnlineShooter/Saved/Config/WindowsNoEditor/Engine.ini]
[2022.02.08-01.36.27:119][  0]LogConfig: Setting CVar [[s.MinBulkDataSizeForAsyncLoading:131072]]
[2022.02.08-01.36.27:120][  0]LogConfig: Setting CVar [[s.AsyncLoadingThreadEnabled:0]]
[2022.02.08-01.36.27:120][  0]LogConfig: Setting CVar [[s.EventDrivenLoaderEnabled:1]]
[2022.02.08-01.36.27:120][  0]LogConfig: Setting CVar [[s.WarnIfTimeLimitExceeded:0]]
[2022.02.08-01.36.27:120][  0]LogConfig: Setting CVar [[s.TimeLimitExceededMultiplier:1.5]]
[2022.02.08-01.36.27:121][  0]LogConfig: Setting CVar [[s.TimeLimitExceededMinTime:0.005]]
[2022.02.08-01.36.27:121][  0]LogConfig: Setting CVar [[s.UseBackgroundLevelStreaming:1]]
[2022.02.08-01.36.27:121][  0]LogConfig: Setting CVar [[s.PriorityAsyncLoadingExtraTime:15.0]]
[2022.02.08-01.36.27:122][  0]LogConfig: Setting CVar [[s.LevelStreamingActorsUpdateTimeLimit:5.0]]
[2022.02.08-01.36.27:122][  0]LogConfig: Setting CVar [[s.PriorityLevelStreamingActorsUpdateExtraTime:5.0]]
[2022.02.08-01.36.27:122][  0]LogConfig: Setting CVar [[s.LevelStreamingComponentsRegistrationGranularity:10]]
[2022.02.08-01.36.27:123][  0]LogConfig: Setting CVar [[s.UnregisterComponentsTimeLimit:1.0]]
[2022.02.08-01.36.27:123][  0]LogConfig: Setting CVar [[s.LevelStreamingComponentsUnregistrationGranularity:5]]
[2022.02.08-01.36.27:123][  0]LogConfig: Setting CVar [[s.FlushStreamingOnExit:1]]
[2022.02.08-01.36.27:124][  0]LogConfig: Applying CVar settings from Section [/Script/Engine.GarbageCollectionSettings] File [../../../OnlineShooter/Saved/Config/WindowsNoEditor/Engine.ini]
[2022.02.08-01.36.27:124][  0]LogConfig: Setting CVar [[gc.MaxObjectsNotConsideredByGC:1]]
[2022.02.08-01.36.27:125][  0]LogConfig: Setting CVar [[gc.SizeOfPermanentObjectPool:0]]
[2022.02.08-01.36.27:128][  0]LogConfig: Setting CVar [[gc.FlushStreamingOnGC:0]]
[2022.02.08-01.36.27:128][  0]LogConfig: Setting CVar [[gc.NumRetriesBeforeForcingGC:10]]
[2022.02.08-01.36.27:128][  0]LogConfig: Setting CVar [[gc.AllowParallelGC:1]]
[2022.02.08-01.36.27:129][  0]LogConfig: Setting CVar [[gc.TimeBetweenPurgingPendingKillObjects:61.1]]
[2022.02.08-01.36.27:129][  0]LogConfig: Setting CVar [[gc.MaxObjectsInEditor:25165824]]
[2022.02.08-01.36.27:129][  0]LogConfig: Setting CVar [[gc.IncrementalBeginDestroyEnabled:1]]
[2022.02.08-01.36.27:130][  0]LogConfig: Setting CVar [[gc.CreateGCClusters:1]]
[2022.02.08-01.36.27:130][  0]LogConfig: Setting CVar [[gc.MinGCClusterSize:5]]
[2022.02.08-01.36.27:130][  0]LogConfig: Setting CVar [[gc.ActorClusteringEnabled:0]]
[2022.02.08-01.36.27:131][  0]LogConfig: Setting CVar [[gc.BlueprintClusteringEnabled:0]]
[2022.02.08-01.36.27:131][  0]LogConfig: Setting CVar [[gc.UseDisregardForGCOnDedicatedServers:0]]
[2022.02.08-01.36.27:132][  0]LogConfig: Setting CVar [[gc.MultithreadedDestructionEnabled:1]]
[2022.02.08-01.36.27:132][  0]LogConfig: Applying CVar settings from Section [/Script/Engine.NetworkSettings] File [../../../OnlineShooter/Saved/Config/WindowsNoEditor/Engine.ini]
[2022.02.08-01.36.27:157][  0]LogConfig: Applying CVar settings from Section [ViewDistanceQuality@3] File [../../../OnlineShooter/Saved/Config/WindowsNoEditor/Scalability.ini]
[2022.02.08-01.36.27:157][  0]LogConfig: Setting CVar [[r.SkeletalMeshLODBias:0]]
[2022.02.08-01.36.27:158][  0]LogConfig: Setting CVar [[r.ViewDistanceScale:1.0]]
[2022.02.08-01.36.27:159][  0]LogConfig: Applying CVar settings from Section [AntiAliasingQuality@3] File [../../../OnlineShooter/Saved/Config/WindowsNoEditor/Scalability.ini]
[2022.02.08-01.36.27:159][  0]LogConfig: Setting CVar [[r.PostProcessAAQuality:4]]
[2022.02.08-01.36.27:159][  0]LogConfig: Applying CVar settings from Section [ShadowQuality@3] File [../../../OnlineShooter/Saved/Config/WindowsNoEditor/Scalability.ini]
[2022.02.08-01.36.27:160][  0]LogConfig: Setting CVar [[r.LightFunctionQuality:1]]
[2022.02.08-01.36.27:160][  0]LogConfig: Setting CVar [[r.ShadowQuality:5]]
[2022.02.08-01.36.27:160][  0]LogConfig: Setting CVar [[r.Shadow.CSM.MaxCascades:10]]
[2022.02.08-01.36.27:161][  0]LogConfig: Setting CVar [[r.Shadow.MaxResolution:2048]]
[2022.02.08-01.36.27:161][  0]LogConfig: Setting CVar [[r.Shadow.MaxCSMResolution:2048]]
[2022.02.08-01.36.27:162][  0]LogConfig: Setting CVar [[r.Shadow.RadiusThreshold:0.01]]
[2022.02.08-01.36.27:162][  0]LogConfig: Setting CVar [[r.Shadow.DistanceScale:1.0]]
[2022.02.08-01.36.27:163][  0]LogConfig: Setting CVar [[r.Shadow.CSM.TransitionScale:1.0]]
[2022.02.08-01.36.27:163][  0]LogConfig: Setting CVar [[r.Shadow.PreShadowResolutionFactor:1.0]]
[2022.02.08-01.36.27:164][  0]LogConfig: Setting CVar [[r.DistanceFieldShadowing:1]]
[2022.02.08-01.36.27:164][  0]LogConfig: Setting CVar [[r.DistanceFieldAO:1]]
[2022.02.08-01.36.27:164][  0]LogConfig: Setting CVar [[r.AOQuality:2]]
[2022.02.08-01.36.27:166][  0]LogConfig: Setting CVar [[r.VolumetricFog:1]]
[2022.02.08-01.36.27:166][  0]LogConfig: Setting CVar [[r.VolumetricFog.GridPixelSize:8]]
[2022.02.08-01.36.27:166][  0]LogConfig: Setting CVar [[r.VolumetricFog.GridSizeZ:128]]
[2022.02.08-01.36.27:167][  0]LogConfig: Setting CVar [[r.VolumetricFog.HistoryMissSupersampleCount:4]]
[2022.02.08-01.36.27:167][  0]LogConfig: Setting CVar [[r.LightMaxDrawDistanceScale:1]]
[2022.02.08-01.36.27:167][  0]LogConfig: Setting CVar [[r.CapsuleShadows:1]]
[2022.02.08-01.36.27:167][  0]LogConfig: Applying CVar settings from Section [PostProcessQuality@3] File [../../../OnlineShooter/Saved/Config/WindowsNoEditor/Scalability.ini]
[2022.02.08-01.36.27:168][  0]LogConfig: Setting CVar [[r.MotionBlurQuality:4]]
[2022.02.08-01.36.27:168][  0]LogConfig: Setting CVar [[r.AmbientOcclusionMipLevelFactor:0.4]]
[2022.02.08-01.36.27:168][  0]LogConfig: Setting CVar [[r.AmbientOcclusionMaxQuality:100]]
[2022.02.08-01.36.27:168][  0]LogConfig: Setting CVar [[r.AmbientOcclusionLevels:-1]]
[2022.02.08-01.36.27:169][  0]LogConfig: Setting CVar [[r.AmbientOcclusionRadiusScale:1.0]]
[2022.02.08-01.36.27:169][  0]LogConfig: Setting CVar [[r.DepthOfFieldQuality:2]]
[2022.02.08-01.36.27:169][  0]LogConfig: Setting CVar [[r.RenderTargetPoolMin:400]]
[2022.02.08-01.36.27:170][  0]LogConfig: Setting CVar [[r.LensFlareQuality:2]]
[2022.02.08-01.36.27:170][  0]LogConfig: Setting CVar [[r.SceneColorFringeQuality:1]]
[2022.02.08-01.36.27:170][  0]LogConfig: Setting CVar [[r.EyeAdaptationQuality:2]]
[2022.02.08-01.36.27:170][  0]LogConfig: Setting CVar [[r.BloomQuality:5]]
[2022.02.08-01.36.27:171][  0]LogConfig: Setting CVar [[r.FastBlurThreshold:100]]
[2022.02.08-01.36.27:171][  0]LogConfig: Setting CVar [[r.Upscale.Quality:3]]
[2022.02.08-01.36.27:171][  0]LogConfig: Setting CVar [[r.Tonemapper.GrainQuantization:1]]
[2022.02.08-01.36.27:172][  0]LogConfig: Setting CVar [[r.LightShaftQuality:1]]
[2022.02.08-01.36.27:174][  0]LogConfig: Setting CVar [[r.Filter.SizeScale:1]]
[2022.02.08-01.36.27:174][  0]LogConfig: Setting CVar [[r.Tonemapper.Quality:5]]
[2022.02.08-01.36.27:174][  0]LogConfig: Setting CVar [[r.DOF.Gather.AccumulatorQuality:1        ; higher gathering accumulator quality]]
[2022.02.08-01.36.27:175][  0]LogConfig: Setting CVar [[r.DOF.Gather.PostfilterMethod:1          ; Median3x3 postfilering method]]
[2022.02.08-01.36.27:175][  0]LogConfig: Setting CVar [[r.DOF.Gather.EnableBokehSettings:0       ; no bokeh simulation when gathering]]
[2022.02.08-01.36.27:175][  0]LogConfig: Setting CVar [[r.DOF.Gather.RingCount:4                 ; medium number of samples when gathering]]
[2022.02.08-01.36.27:176][  0]LogConfig: Setting CVar [[r.DOF.Scatter.ForegroundCompositing:1    ; additive foreground scattering]]
[2022.02.08-01.36.27:176][  0]LogConfig: Setting CVar [[r.DOF.Scatter.BackgroundCompositing:2    ; additive background scattering]]
[2022.02.08-01.36.27:177][  0]LogConfig: Setting CVar [[r.DOF.Scatter.EnableBokehSettings:1      ; bokeh simulation when scattering]]
[2022.02.08-01.36.27:177][  0]LogConfig: Setting CVar [[r.DOF.Scatter.MaxSpriteRatio:0.1         ; only a maximum of 10% of scattered bokeh]]
[2022.02.08-01.36.27:177][  0]LogConfig: Setting CVar [[r.DOF.Recombine.Quality:1                ; cheap slight out of focus]]
[2022.02.08-01.36.27:177][  0]LogConfig: Setting CVar [[r.DOF.Recombine.EnableBokehSettings:0    ; no bokeh simulation on slight out of focus]]
[2022.02.08-01.36.27:177][  0]LogConfig: Setting CVar [[r.DOF.TemporalAAQuality:1                ; more stable temporal accumulation]]
[2022.02.08-01.36.27:177][  0]LogConfig: Setting CVar [[r.DOF.Kernel.MaxForegroundRadius:0.025]]
[2022.02.08-01.36.27:178][  0]LogConfig: Setting CVar [[r.DOF.Kernel.MaxBackgroundRadius:0.025]]
[2022.02.08-01.36.27:178][  0]LogConfig: Applying CVar settings from Section [TextureQuality@3] File [../../../OnlineShooter/Saved/Config/WindowsNoEditor/Scalability.ini]
[2022.02.08-01.36.27:178][  0]LogConfig: Setting CVar [[r.Streaming.MipBias:0]]
[2022.02.08-01.36.27:179][  0]LogConfig: Setting CVar [[r.Streaming.AmortizeCPUToGPUCopy:0]]
[2022.02.08-01.36.27:179][  0]LogConfig: Setting CVar [[r.Streaming.MaxNumTexturesToStreamPerFrame:0]]
[2022.02.08-01.36.27:179][  0]LogConfig: Setting CVar [[r.Streaming.Boost:1]]
[2022.02.08-01.36.27:180][  0]LogConfig: Setting CVar [[r.MaxAnisotropy:8]]
[2022.02.08-01.36.27:180][  0]LogConfig: Setting CVar [[r.VT.MaxAnisotropy:8]]
[2022.02.08-01.36.27:180][  0]LogConfig: Setting CVar [[r.Streaming.LimitPoolSizeToVRAM:0]]
[2022.02.08-01.36.27:180][  0]LogConfig: Setting CVar [[r.Streaming.PoolSize:1000]]
[2022.02.08-01.36.27:181][  0]LogConfig: Setting CVar [[r.Streaming.MaxEffectiveScreenSize:0]]
[2022.02.08-01.36.27:181][  0]LogConfig: Applying CVar settings from Section [EffectsQuality@3] File [../../../OnlineShooter/Saved/Config/WindowsNoEditor/Scalability.ini]
[2022.02.08-01.36.27:181][  0]LogConfig: Setting CVar [[r.TranslucencyLightingVolumeDim:64]]
[2022.02.08-01.36.27:181][  0]LogConfig: Setting CVar [[r.RefractionQuality:2]]
[2022.02.08-01.36.27:182][  0]LogConfig: Setting CVar [[r.SSR.Quality:3]]
[2022.02.08-01.36.27:183][  0]LogConfig: Setting CVar [[r.SSR.HalfResSceneColor:0]]
[2022.02.08-01.36.27:183][  0]LogConfig: Setting CVar [[r.SceneColorFormat:4]]
[2022.02.08-01.36.27:184][  0]LogConfig: Setting CVar [[r.DetailMode:2]]
[2022.02.08-01.36.27:184][  0]LogConfig: Setting CVar [[r.TranslucencyVolumeBlur:1]]
[2022.02.08-01.36.27:185][  0]LogConfig: Setting CVar [[r.MaterialQualityLevel:1 ; High quality]]
[2022.02.08-01.36.27:185][  0]LogConfig: Setting CVar [[r.AnisotropicMaterials:1]]
[2022.02.08-01.36.27:186][  0]LogConfig: Setting CVar [[r.SSS.Scale:1]]
[2022.02.08-01.36.27:186][  0]LogConfig: Setting CVar [[r.SSS.SampleSet:2]]
[2022.02.08-01.36.27:186][  0]LogConfig: Setting CVar [[r.SSS.Quality:1]]
[2022.02.08-01.36.27:187][  0]LogConfig: Setting CVar [[r.SSS.HalfRes:0]]
[2022.02.08-01.36.27:189][  0]LogConfig: Setting CVar [[r.SSGI.Quality:3]]
[2022.02.08-01.36.27:189][  0]LogConfig: Setting CVar [[r.EmitterSpawnRateScale:1.0]]
[2022.02.08-01.36.27:190][  0]LogConfig: Setting CVar [[r.ParticleLightQuality:2]]
[2022.02.08-01.36.27:190][  0]LogConfig: Setting CVar [[r.SkyAtmosphere.AerialPerspectiveLUT.FastApplyOnOpaque:1 ; Always have FastSkyLUT 1 in this case to avoid wrong sky]]
[2022.02.08-01.36.27:191][  0]LogConfig: Setting CVar [[r.SkyAtmosphere.AerialPerspectiveLUT.SampleCountMaxPerSlice:4]]
[2022.02.08-01.36.27:191][  0]LogConfig: Setting CVar [[r.SkyAtmosphere.AerialPerspectiveLUT.DepthResolution:16.0]]
[2022.02.08-01.36.27:191][  0]LogConfig: Setting CVar [[r.SkyAtmosphere.FastSkyLUT:1]]
[2022.02.08-01.36.27:192][  0]LogConfig: Setting CVar [[r.SkyAtmosphere.FastSkyLUT.SampleCountMin:4.0]]
[2022.02.08-01.36.27:192][  0]LogConfig: Setting CVar [[r.SkyAtmosphere.FastSkyLUT.SampleCountMax:128.0]]
[2022.02.08-01.36.27:192][  0]LogConfig: Setting CVar [[r.SkyAtmosphere.SampleCountMin:4.0]]
[2022.02.08-01.36.27:193][  0]LogConfig: Setting CVar [[r.SkyAtmosphere.SampleCountMax:128.0]]
[2022.02.08-01.36.27:193][  0]LogConfig: Setting CVar [[r.SkyAtmosphere.TransmittanceLUT.UseSmallFormat:0]]
[2022.02.08-01.36.27:193][  0]LogConfig: Setting CVar [[r.SkyAtmosphere.TransmittanceLUT.SampleCount:10.0]]
[2022.02.08-01.36.27:194][  0]LogConfig: Setting CVar [[r.SkyAtmosphere.MultiScatteringLUT.SampleCount:15.0]]
[2022.02.08-01.36.27:194][  0]LogConfig: Setting CVar [[r.SkyLight.RealTimeReflectionCapture:1]]
[2022.02.08-01.36.27:194][  0]LogConfig: Setting CVar [[fx.Niagara.QualityLevel:3]]
[2022.02.08-01.36.27:195][  0]LogConfig: Applying CVar settings from Section [FoliageQuality@3] File [../../../OnlineShooter/Saved/Config/WindowsNoEditor/Scalability.ini]
[2022.02.08-01.36.27:195][  0]LogConfig: Setting CVar [[foliage.DensityScale:1.0]]
[2022.02.08-01.36.27:196][  0]LogConfig: Setting CVar [[grass.DensityScale:1.0]]
[2022.02.08-01.36.27:196][  0]LogConfig: Applying CVar settings from Section [ShadingQuality@3] File [../../../OnlineShooter/Saved/Config/WindowsNoEditor/Scalability.ini]
[2022.02.08-01.36.27:196][  0]LogConfig: Setting CVar [[r.HairStrands.SkyLighting.IntegrationType:2]]
[2022.02.08-01.36.27:197][  0]LogConfig: Setting CVar [[r.HairStrands.SkyAO.SampleCount:4]]
[2022.02.08-01.36.27:197][  0]LogConfig: Setting CVar [[r.HairStrands.Visibility.MSAA.SamplePerPixel:4]]
[2022.02.08-01.36.27:198][  0]LogInit: Selected Device Profile: [WindowsNoEditor]
[2022.02.08-01.36.27:198][  0]LogInit: Applying CVar settings loaded from the selected device profile: [WindowsNoEditor]
[2022.02.08-01.36.27:199][  0]LogHAL: Display: Platform has ~ 32 GB [34293821440 / 34359738368 / 32], which maps to Largest [LargestMinGB=32, LargerMinGB=12, DefaultMinGB=8, SmallerMinGB=6, SmallestMinGB=0)
[2022.02.08-01.36.27:199][  0]LogInit: Going up to parent DeviceProfile [Windows]
[2022.02.08-01.36.27:199][  0]LogInit: Going up to parent DeviceProfile []
[2022.02.08-01.36.27:200][  0]LogConfig: Applying CVar settings from Section [ViewDistanceQuality@3] File [../../../OnlineShooter/Saved/Config/WindowsNoEditor/Scalability.ini]
[2022.02.08-01.36.27:200][  0]LogConfig: Setting CVar [[r.SkeletalMeshLODBias:0]]
[2022.02.08-01.36.27:201][  0]LogConfig: Setting CVar [[r.ViewDistanceScale:1.0]]
[2022.02.08-01.36.27:201][  0]LogConfig: Applying CVar settings from Section [AntiAliasingQuality@3] File [../../../OnlineShooter/Saved/Config/WindowsNoEditor/Scalability.ini]
[2022.02.08-01.36.27:201][  0]LogConfig: Setting CVar [[r.PostProcessAAQuality:4]]
[2022.02.08-01.36.27:201][  0]LogConfig: Applying CVar settings from Section [ShadowQuality@3] File [../../../OnlineShooter/Saved/Config/WindowsNoEditor/Scalability.ini]
[2022.02.08-01.36.27:202][  0]LogConfig: Setting CVar [[r.LightFunctionQuality:1]]
[2022.02.08-01.36.27:204][  0]LogConfig: Setting CVar [[r.ShadowQuality:5]]
[2022.02.08-01.36.27:205][  0]LogConfig: Setting CVar [[r.Shadow.CSM.MaxCascades:10]]
[2022.02.08-01.36.27:205][  0]LogConfig: Setting CVar [[r.Shadow.MaxResolution:2048]]
[2022.02.08-01.36.27:206][  0]LogConfig: Setting CVar [[r.Shadow.MaxCSMResolution:2048]]
[2022.02.08-01.36.27:206][  0]LogConfig: Setting CVar [[r.Shadow.RadiusThreshold:0.01]]
[2022.02.08-01.36.27:206][  0]LogConfig: Setting CVar [[r.Shadow.DistanceScale:1.0]]
[2022.02.08-01.36.27:207][  0]LogConfig: Setting CVar [[r.Shadow.CSM.TransitionScale:1.0]]
[2022.02.08-01.36.27:207][  0]LogConfig: Setting CVar [[r.Shadow.PreShadowResolutionFactor:1.0]]
[2022.02.08-01.36.27:207][  0]LogConfig: Setting CVar [[r.DistanceFieldShadowing:1]]
[2022.02.08-01.36.27:208][  0]LogConfig: Setting CVar [[r.DistanceFieldAO:1]]
[2022.02.08-01.36.27:208][  0]LogConfig: Setting CVar [[r.AOQuality:2]]
[2022.02.08-01.36.27:209][  0]LogConfig: Setting CVar [[r.VolumetricFog:1]]
[2022.02.08-01.36.27:209][  0]LogConfig: Setting CVar [[r.VolumetricFog.GridPixelSize:8]]
[2022.02.08-01.36.27:209][  0]LogConfig: Setting CVar [[r.VolumetricFog.GridSizeZ:128]]
[2022.02.08-01.36.27:210][  0]LogConfig: Setting CVar [[r.VolumetricFog.HistoryMissSupersampleCount:4]]
[2022.02.08-01.36.27:211][  0]LogConfig: Setting CVar [[r.LightMaxDrawDistanceScale:1]]
[2022.02.08-01.36.27:211][  0]LogConfig: Setting CVar [[r.CapsuleShadows:1]]
[2022.02.08-01.36.27:212][  0]LogConfig: Applying CVar settings from Section [PostProcessQuality@3] File [../../../OnlineShooter/Saved/Config/WindowsNoEditor/Scalability.ini]
[2022.02.08-01.36.27:212][  0]LogConfig: Setting CVar [[r.MotionBlurQuality:4]]
[2022.02.08-01.36.27:212][  0]LogConfig: Setting CVar [[r.AmbientOcclusionMipLevelFactor:0.4]]
[2022.02.08-01.36.27:213][  0]LogConfig: Setting CVar [[r.AmbientOcclusionMaxQuality:100]]
[2022.02.08-01.36.27:213][  0]LogConfig: Setting CVar [[r.AmbientOcclusionLevels:-1]]
[2022.02.08-01.36.27:214][  0]LogConfig: Setting CVar [[r.AmbientOcclusionRadiusScale:1.0]]
[2022.02.08-01.36.27:214][  0]LogConfig: Setting CVar [[r.DepthOfFieldQuality:2]]
[2022.02.08-01.36.27:214][  0]LogConfig: Setting CVar [[r.RenderTargetPoolMin:400]]
[2022.02.08-01.36.27:215][  0]LogConfig: Setting CVar [[r.LensFlareQuality:2]]
[2022.02.08-01.36.27:215][  0]LogConfig: Setting CVar [[r.SceneColorFringeQuality:1]]
[2022.02.08-01.36.27:215][  0]LogConfig: Setting CVar [[r.EyeAdaptationQuality:2]]
[2022.02.08-01.36.27:215][  0]LogConfig: Setting CVar [[r.BloomQuality:5]]
[2022.02.08-01.36.27:215][  0]LogConfig: Setting CVar [[r.FastBlurThreshold:100]]
[2022.02.08-01.36.27:215][  0]LogConfig: Setting CVar [[r.Upscale.Quality:3]]
[2022.02.08-01.36.27:216][  0]LogConfig: Setting CVar [[r.Tonemapper.GrainQuantization:1]]
[2022.02.08-01.36.27:216][  0]LogConfig: Setting CVar [[r.LightShaftQuality:1]]
[2022.02.08-01.36.27:216][  0]LogConfig: Setting CVar [[r.Filter.SizeScale:1]]
[2022.02.08-01.36.27:216][  0]LogConfig: Setting CVar [[r.Tonemapper.Quality:5]]
[2022.02.08-01.36.27:217][  0]LogConfig: Setting CVar [[r.DOF.Gather.AccumulatorQuality:1        ; higher gathering accumulator quality]]
[2022.02.08-01.36.27:219][  0]LogConfig: Setting CVar [[r.DOF.Gather.PostfilterMethod:1          ; Median3x3 postfilering method]]
[2022.02.08-01.36.27:220][  0]LogConfig: Setting CVar [[r.DOF.Gather.EnableBokehSettings:0       ; no bokeh simulation when gathering]]
[2022.02.08-01.36.27:220][  0]LogConfig: Setting CVar [[r.DOF.Gather.RingCount:4                 ; medium number of samples when gathering]]
[2022.02.08-01.36.27:220][  0]LogConfig: Setting CVar [[r.DOF.Scatter.ForegroundCompositing:1    ; additive foreground scattering]]
[2022.02.08-01.36.27:221][  0]LogConfig: Setting CVar [[r.DOF.Scatter.BackgroundCompositing:2    ; additive background scattering]]
[2022.02.08-01.36.27:221][  0]LogConfig: Setting CVar [[r.DOF.Scatter.EnableBokehSettings:1      ; bokeh simulation when scattering]]
[2022.02.08-01.36.27:221][  0]LogConfig: Setting CVar [[r.DOF.Scatter.MaxSpriteRatio:0.1         ; only a maximum of 10% of scattered bokeh]]
[2022.02.08-01.36.27:221][  0]LogConfig: Setting CVar [[r.DOF.Recombine.Quality:1                ; cheap slight out of focus]]
[2022.02.08-01.36.27:221][  0]LogConfig: Setting CVar [[r.DOF.Recombine.EnableBokehSettings:0    ; no bokeh simulation on slight out of focus]]
[2022.02.08-01.36.27:222][  0]LogConfig: Setting CVar [[r.DOF.TemporalAAQuality:1                ; more stable temporal accumulation]]
[2022.02.08-01.36.27:222][  0]LogConfig: Setting CVar [[r.DOF.Kernel.MaxForegroundRadius:0.025]]
[2022.02.08-01.36.27:222][  0]LogConfig: Setting CVar [[r.DOF.Kernel.MaxBackgroundRadius:0.025]]
[2022.02.08-01.36.27:222][  0]LogConfig: Applying CVar settings from Section [TextureQuality@3] File [../../../OnlineShooter/Saved/Config/WindowsNoEditor/Scalability.ini]
[2022.02.08-01.36.27:222][  0]LogConfig: Setting CVar [[r.Streaming.MipBias:0]]
[2022.02.08-01.36.27:222][  0]LogConfig: Setting CVar [[r.Streaming.AmortizeCPUToGPUCopy:0]]
[2022.02.08-01.36.27:223][  0]LogConfig: Setting CVar [[r.Streaming.MaxNumTexturesToStreamPerFrame:0]]
[2022.02.08-01.36.27:223][  0]LogConfig: Setting CVar [[r.Streaming.Boost:1]]
[2022.02.08-01.36.27:223][  0]LogConfig: Setting CVar [[r.MaxAnisotropy:8]]
[2022.02.08-01.36.27:223][  0]LogConfig: Setting CVar [[r.VT.MaxAnisotropy:8]]
[2022.02.08-01.36.27:224][  0]LogConfig: Setting CVar [[r.Streaming.LimitPoolSizeToVRAM:0]]
[2022.02.08-01.36.27:224][  0]LogConfig: Setting CVar [[r.Streaming.PoolSize:1000]]
[2022.02.08-01.36.27:225][  0]LogConfig: Setting CVar [[r.Streaming.MaxEffectiveScreenSize:0]]
[2022.02.08-01.36.27:225][  0]LogConfig: Applying CVar settings from Section [EffectsQuality@3] File [../../../OnlineShooter/Saved/Config/WindowsNoEditor/Scalability.ini]
[2022.02.08-01.36.27:225][  0]LogConfig: Setting CVar [[r.TranslucencyLightingVolumeDim:64]]
[2022.02.08-01.36.27:226][  0]LogConfig: Setting CVar [[r.RefractionQuality:2]]
[2022.02.08-01.36.27:226][  0]LogConfig: Setting CVar [[r.SSR.Quality:3]]
[2022.02.08-01.36.27:227][  0]LogConfig: Setting CVar [[r.SSR.HalfResSceneColor:0]]
[2022.02.08-01.36.27:227][  0]LogConfig: Setting CVar [[r.SceneColorFormat:4]]
[2022.02.08-01.36.27:227][  0]LogConfig: Setting CVar [[r.DetailMode:2]]
[2022.02.08-01.36.27:227][  0]LogConfig: Setting CVar [[r.TranslucencyVolumeBlur:1]]
[2022.02.08-01.36.27:227][  0]LogConfig: Setting CVar [[r.MaterialQualityLevel:1 ; High quality]]
[2022.02.08-01.36.27:228][  0]LogConfig: Setting CVar [[r.AnisotropicMaterials:1]]
[2022.02.08-01.36.27:228][  0]LogConfig: Setting CVar [[r.SSS.Scale:1]]
[2022.02.08-01.36.27:228][  0]LogConfig: Setting CVar [[r.SSS.SampleSet:2]]
[2022.02.08-01.36.27:229][  0]LogConfig: Setting CVar [[r.SSS.Quality:1]]
[2022.02.08-01.36.27:229][  0]LogConfig: Setting CVar [[r.SSS.HalfRes:0]]
[2022.02.08-01.36.27:229][  0]LogConfig: Setting CVar [[r.SSGI.Quality:3]]
[2022.02.08-01.36.27:230][  0]LogConfig: Setting CVar [[r.EmitterSpawnRateScale:1.0]]
[2022.02.08-01.36.27:230][  0]LogConfig: Setting CVar [[r.ParticleLightQuality:2]]
[2022.02.08-01.36.27:230][  0]LogConfig: Setting CVar [[r.SkyAtmosphere.AerialPerspectiveLUT.FastApplyOnOpaque:1 ; Always have FastSkyLUT 1 in this case to avoid wrong sky]]
[2022.02.08-01.36.27:231][  0]LogConfig: Setting CVar [[r.SkyAtmosphere.AerialPerspectiveLUT.SampleCountMaxPerSlice:4]]
[2022.02.08-01.36.27:231][  0]LogConfig: Setting CVar [[r.SkyAtmosphere.AerialPerspectiveLUT.DepthResolution:16.0]]
[2022.02.08-01.36.27:231][  0]LogConfig: Setting CVar [[r.SkyAtmosphere.FastSkyLUT:1]]
[2022.02.08-01.36.27:231][  0]LogConfig: Setting CVar [[r.SkyAtmosphere.FastSkyLUT.SampleCountMin:4.0]]
[2022.02.08-01.36.27:232][  0]LogConfig: Setting CVar [[r.SkyAtmosphere.FastSkyLUT.SampleCountMax:128.0]]
[2022.02.08-01.36.27:234][  0]LogConfig: Setting CVar [[r.SkyAtmosphere.SampleCountMin:4.0]]
[2022.02.08-01.36.27:234][  0]LogConfig: Setting CVar [[r.SkyAtmosphere.SampleCountMax:128.0]]
[2022.02.08-01.36.27:235][  0]LogConfig: Setting CVar [[r.SkyAtmosphere.TransmittanceLUT.UseSmallFormat:0]]
[2022.02.08-01.36.27:235][  0]LogConfig: Setting CVar [[r.SkyAtmosphere.TransmittanceLUT.SampleCount:10.0]]
[2022.02.08-01.36.27:236][  0]LogConfig: Setting CVar [[r.SkyAtmosphere.MultiScatteringLUT.SampleCount:15.0]]
[2022.02.08-01.36.27:236][  0]LogConfig: Setting CVar [[r.SkyLight.RealTimeReflectionCapture:1]]
[2022.02.08-01.36.27:236][  0]LogConfig: Setting CVar [[fx.Niagara.QualityLevel:3]]
[2022.02.08-01.36.27:236][  0]LogConfig: Applying CVar settings from Section [FoliageQuality@3] File [../../../OnlineShooter/Saved/Config/WindowsNoEditor/Scalability.ini]
[2022.02.08-01.36.27:236][  0]LogConfig: Setting CVar [[foliage.DensityScale:1.0]]
[2022.02.08-01.36.27:237][  0]LogConfig: Setting CVar [[grass.DensityScale:1.0]]
[2022.02.08-01.36.27:237][  0]LogConfig: Applying CVar settings from Section [ShadingQuality@3] File [../../../OnlineShooter/Saved/Config/WindowsNoEditor/Scalability.ini]
[2022.02.08-01.36.27:237][  0]LogConfig: Setting CVar [[r.HairStrands.SkyLighting.IntegrationType:2]]
[2022.02.08-01.36.27:238][  0]LogConfig: Setting CVar [[r.HairStrands.SkyAO.SampleCount:4]]
[2022.02.08-01.36.27:238][  0]LogConfig: Setting CVar [[r.HairStrands.Visibility.MSAA.SamplePerPixel:4]]
[2022.02.08-01.36.27:239][  0]LogConfig: Applying CVar settings from Section [Startup] File [../../../Engine/Config/ConsoleVariables.ini]
[2022.02.08-01.36.27:239][  0]LogConfig: Setting CVar [[net.UseAdaptiveNetUpdateFrequency:0]]
[2022.02.08-01.36.27:239][  0]LogConfig: Setting CVar [[p.chaos.AllowCreatePhysxBodies:1]]
[2022.02.08-01.36.27:240][  0]LogConfig: Setting CVar [[fx.SkipVectorVMBackendOptimizations:1]]
[2022.02.08-01.36.27:240][  0]LogConfig: Applying CVar settings from Section [ConsoleVariables] File [../../../OnlineShooter/Saved/Config/WindowsNoEditor/Engine.ini]
[2022.02.08-01.36.27:241][  0]LogInit: Computer: DESKTOP-L9AB0F6
[2022.02.08-01.36.27:241][  0]LogInit: User: DesignDemon
[2022.02.08-01.36.27:241][  0]LogInit: CPU Page size=4096, Cores=4
[2022.02.08-01.36.27:242][  0]LogInit: High frequency timer resolution =10.000000 MHz
[2022.02.08-01.36.27:242][  0]LogMemory: Memory total: Physical=31.9GB (32GB approx)
[2022.02.08-01.36.27:242][  0]LogMemory: Platform Memory Stats for WindowsNoEditor
[2022.02.08-01.36.27:243][  0]LogMemory: Process Physical Memory: 77.73 MB used, 77.74 MB peak
[2022.02.08-01.36.27:244][  0]LogMemory: Process Virtual Memory: 79.81 MB used, 79.81 MB peak
[2022.02.08-01.36.27:244][  0]LogMemory: Physical Memory: 6639.71 MB used,  26065.43 MB free, 32705.14 MB total
[2022.02.08-01.36.27:244][  0]LogMemory: Virtual Memory: 134189128.00 MB used,  28596.91 MB free, 134217728.00 MB total
[2022.02.08-01.36.27:248][  0]LogWindows: WindowsPlatformFeatures enabled
[2022.02.08-01.36.27:405][  0]LogInit: Physics initialised using underlying interface: PhysX
[2022.02.08-01.36.27:406][  0]LogInit: Using OS detected language (en-US).
[2022.02.08-01.36.27:406][  0]LogInit: Using OS detected locale (en-GB).
[2022.02.08-01.36.27:407][  0]LogTextLocalizationManager: No specific localization for 'en-US' exists, so the 'en' localization will be used.
[2022.02.08-01.36.27:432][  0]LogWindowsTextInputMethodSystem: Display: IME system deactivated.
[2022.02.08-01.36.27:458][  0]LogSlate: New Slate User Created.  User Index 0, Is Virtual User: 0
[2022.02.08-01.36.27:458][  0]LogSlate: Slate User Registered.  User Index 0, Is Virtual User: 0
[2022.02.08-01.36.27:509][  0]LogD3D11RHI: Loaded GFSDK_Aftermath_Lib.x64.dll
[2022.02.08-01.36.27:511][  0]LogHMD: Failed to initialize OpenVR with code 110
[2022.02.08-01.36.27:512][  0]LogD3D11RHI: D3D11 min allowed feature level: 11_0
[2022.02.08-01.36.27:512][  0]LogD3D11RHI: D3D11 max allowed feature level: 11_0
[2022.02.08-01.36.27:512][  0]LogD3D11RHI: D3D11 adapters:
[2022.02.08-01.36.27:603][  0]LogD3D11RHI:    0. 'NVIDIA GeForce GTX 1050 Ti' (Feature Level 11_0)
[2022.02.08-01.36.27:603][  0]LogD3D11RHI:       4018/0/16352 MB DedicatedVideo/DedicatedSystem/SharedSystem, Outputs:2, VendorId:0x10de
[2022.02.08-01.36.27:605][  0]LogD3D11RHI:    1. 'Microsoft Basic Render Driver' (Feature Level 11_0)
[2022.02.08-01.36.27:606][  0]LogD3D11RHI:       0/0/16352 MB DedicatedVideo/DedicatedSystem/SharedSystem, Outputs:0, VendorId:0x1414
[2022.02.08-01.36.27:606][  0]LogD3D11RHI: Chosen D3D11 Adapter:
[2022.02.08-01.36.27:606][  0]LogD3D11RHI:     Description : NVIDIA GeForce GTX 1050 Ti
[2022.02.08-01.36.27:607][  0]LogD3D11RHI:     VendorId    : 10de
[2022.02.08-01.36.27:607][  0]LogD3D11RHI:     DeviceId    : 1c82
[2022.02.08-01.36.27:607][  0]LogD3D11RHI:     SubSysId    : 8c961462
[2022.02.08-01.36.27:608][  0]LogD3D11RHI:     Revision    : 00a1
[2022.02.08-01.36.27:608][  0]LogD3D11RHI:     DedicatedVideoMemory : 4213178368 bytes
[2022.02.08-01.36.27:608][  0]LogD3D11RHI:     DedicatedSystemMemory : 0 bytes
[2022.02.08-01.36.27:609][  0]LogD3D11RHI:     SharedSystemMemory : 17146910720 bytes
[2022.02.08-01.36.27:609][  0]LogD3D11RHI:     AdapterLuid : 0 49680
[2022.02.08-01.36.27:615][  0]LogD3D11RHI: Creating new Direct3DDevice
[2022.02.08-01.36.27:615][  0]LogD3D11RHI:     GPU DeviceId: 0x1c82 (for the marketing name, search the web for "GPU Device Id")
[2022.02.08-01.36.27:615][  0]LogWindows: EnumDisplayDevices:
[2022.02.08-01.36.27:616][  0]LogWindows:    0. 'NVIDIA GeForce GTX 1050 Ti' (P:0 D:1)
[2022.02.08-01.36.27:617][  0]LogWindows:    1. 'NVIDIA GeForce GTX 1050 Ti' (P:1 D:1)
[2022.02.08-01.36.27:617][  0]LogWindows:    2. 'NVIDIA GeForce GTX 1050 Ti' (P:0 D:0)
[2022.02.08-01.36.27:617][  0]LogWindows:    3. 'NVIDIA GeForce GTX 1050 Ti' (P:0 D:0)
[2022.02.08-01.36.27:618][  0]LogWindows: DebugString: FoundDriverCount:4 
[2022.02.08-01.36.27:618][  0]LogD3D11RHI:     Adapter Name: NVIDIA GeForce GTX 1050 Ti
[2022.02.08-01.36.27:619][  0]LogD3D11RHI:   Driver Version: 511.65 (internal:30.0.15.1165, unified:511.65)
[2022.02.08-01.36.27:619][  0]LogD3D11RHI:      Driver Date: 1-28-2022
[2022.02.08-01.36.27:619][  0]LogRHI: Texture pool is 2812 MB (70% of 4018 MB)
[2022.02.08-01.36.27:620][  0]LogD3D11RHI: Creating D3DDevice using adapter:
[2022.02.08-01.36.27:620][  0]LogD3D11RHI:     Description : NVIDIA GeForce GTX 1050 Ti
[2022.02.08-01.36.27:621][  0]LogD3D11RHI:     VendorId    : 10de
[2022.02.08-01.36.27:621][  0]LogD3D11RHI:     DeviceId    : 1c82
[2022.02.08-01.36.27:621][  0]LogD3D11RHI:     SubSysId    : 8c961462
[2022.02.08-01.36.27:622][  0]LogD3D11RHI:     Revision    : 00a1
[2022.02.08-01.36.27:622][  0]LogD3D11RHI:     DedicatedVideoMemory : 4213178368 bytes
[2022.02.08-01.36.27:622][  0]LogD3D11RHI:     DedicatedSystemMemory : 0 bytes
[2022.02.08-01.36.27:623][  0]LogD3D11RHI:     SharedSystemMemory : 17146910720 bytes
[2022.02.08-01.36.27:623][  0]LogD3D11RHI:     AdapterLuid : 0 49680
[2022.02.08-01.36.27:681][  0]LogD3D11RHI: RHI has support for 64 bit atomics
[2022.02.08-01.36.27:681][  0]LogD3D11RHI: Async texture creation enabled
[2022.02.08-01.36.27:682][  0]LogD3D11RHI: Array index from any shader is supported
[2022.02.08-01.36.27:685][  0]LogD3D11RHI: HDR output is supported on display 1 (NvId: 0x80061082).
[2022.02.08-01.36.27:717][  0]LogD3D11RHI: GPU Timing Frequency: 1000.000000 (Debug: 2 1)
[2022.02.08-01.36.27:796][  0]LogRHI: GeForceNow SDK initialized: 1
[2022.02.08-01.36.27:796][  0]LogRendererCore: Ray tracing is disabled. Reason: r.RayTracing=0.
[2022.02.08-01.36.27:806][  0]LogShaderLibrary: Display: Using ../../../OnlineShooter/Content/ShaderArchive-Global-PCD3D_SM5.ushaderbytecode for material shader code. Total 1951 unique shaders.
[2022.02.08-01.36.27:806][  0]LogShaderLibrary: Display: Cooked Context: Using Shared Shader Library Global
[2022.02.08-01.36.27:806][  0]LogShaderLibrary: Display: Logical shader library 'Global' has been created, components 1
[2022.02.08-01.36.27:807][  0]LogTemp: Warning: Clearing the OS Cache
[2022.02.08-01.36.27:808][  0]LogODSC: ODSC Thread active.
[2022.02.08-01.36.27:810][  0]LogPakFile: New pak file ../../../OnlineShooter/Content/Paks/OnlineShooter-WindowsNoEditor.pak added to pak precacher.
[2022.02.08-01.36.27:832][  0]LogSlate: Using FreeType 2.10.0
[2022.02.08-01.36.27:832][  0]LogSlate: SlateFontServices - WITH_FREETYPE: 1, WITH_HARFBUZZ: 1
[2022.02.08-01.36.27:876][  0]LogShaderLibrary: Display: Using ../../../OnlineShooter/Content/ShaderArchive-OnlineShooter-PCD3D_SM5.ushaderbytecode for material shader code. Total 1516 unique shaders.
[2022.02.08-01.36.27:876][  0]LogShaderLibrary: Display: Cooked Context: Using Shared Shader Library OnlineShooter
[2022.02.08-01.36.27:877][  0]LogShaderLibrary: Display: Logical shader library 'OnlineShooter' has been created, components 1
[2022.02.08-01.36.27:878][  0]LogRHI: Display: Opened pipeline cache after state change and enqueued 0 of 0 tasks for precompile.
[2022.02.08-01.36.27:878][  0]LogShaderLibrary: Display: Using ../../../OnlineShooter/Content/ShaderArchive-OnlineShooter-PCD3D_SM5.ushaderbytecode for material shader code. Total 1516 unique shaders.
[2022.02.08-01.36.27:879][  0]LogShaderLibrary: Display: Cooked Context: Using Shared Shader Library OnlineShooter
[2022.02.08-01.36.27:879][  0]LogRHI: Display: Opened pipeline cache after state change and enqueued 0 of 0 tasks for precompile.
[2022.02.08-01.36.27:880][  0]LogRHI: Display: Failed to open default shader pipeline cache for OnlineShooter using shader platform 0.
[2022.02.08-01.36.27:880][  0]LogRHI: Display: Failed to open default shader pipeline cache for OnlineShooter using shader platform 0.
[2022.02.08-01.36.27:880][  0]LogInit: Using OS detected language (en-US).
[2022.02.08-01.36.27:881][  0]LogInit: Using OS detected locale (en-GB).
[2022.02.08-01.36.27:881][  0]LogTextLocalizationManager: No localization for 'en-US' exists, so 'en' will be used for the language.
[2022.02.08-01.36.27:882][  0]LogTextLocalizationManager: No localization for 'en-GB' exists, so 'en' will be used for the locale.
[2022.02.08-01.36.27:882][  0]LogSlate: FontCache flush requested. Reason: Culture for localization was changed
[2022.02.08-01.36.27:882][  0]LogSlate: FontCache flush requested. Reason: Culture for localization was changed
[2022.02.08-01.36.27:884][  0]LogTextLocalizationManager: Compacting localization data took   0.70ms
[2022.02.08-01.36.27:884][  0]LogAssetRegistry: FAssetRegistry took 0.0013 seconds to start up
[2022.02.08-01.36.27:957][  0]LogStreaming: Display: FlushAsyncLoading: 1 QueuedPackages, 0 AsyncPackages
[2022.02.08-01.36.27:958][  0]LogPackageLocalizationCache: Processed 26 localized package path(s) for 1 prioritized culture(s) in 0.000098 seconds
[2022.02.08-01.36.27:964][  0]LogSerialization: Display: AllowBulkDataInIoStore: 'true'
[2022.02.08-01.36.27:965][  0]LogInit: Selected Device Profile: [WindowsNoEditor]
[2022.02.08-01.36.27:965][  0]LogInit: Active device profile: [000001FBBB1C1000][000001FBAAAC0010 49] WindowsNoEditor
[2022.02.08-01.36.27:966][  0]LogInit: Profiles: [000001FBBB1C1300][000001FBBA629250 49] Windows, [000001FBBB1C1000][000001FBAAAC0010 49] WindowsNoEditor, 
[2022.02.08-01.36.28:005][  0]LogNetVersion: OnlineShooter 1.0.0, NetCL: 17155196, EngineNetVer: 17, GameNetVer: 0 (Checksum: 2065074109)
[2022.02.08-01.36.28:049][  0]LogAudioCaptureCore: Display: No Audio Capture implementations found. Audio input will be silent.
[2022.02.08-01.36.28:049][  0]LogAudioCaptureCore: Display: No Audio Capture implementations found. Audio input will be silent.
[2022.02.08-01.36.28:051][  0]LogHMD: PokeAHoleMaterial loaded successfully
[2022.02.08-01.36.28:088][  0]LogMoviePlayer: Initializing movie player
[2022.02.08-01.36.28:089][  0]LogNiagaraDebuggerClient: Niagara Debugger Client Initialized | Session: D19C77C342E806A46C34A6BE6560C00F | Instance: 71651C7C4EA3693D3E733E8925F8BD7D (DESKTOP-L9AB0F6-3888).
[2022.02.08-01.36.28:092][  0]LogAndroidPermission: UAndroidPermissionCallbackProxy::GetInstance
[2022.02.08-01.36.28:092][  0]LogOcInput: OculusInput pre-init called
[2022.02.08-01.36.28:096][  0]LogUObjectArray: 15798 objects as part of root set at end of initial load.
[2022.02.08-01.36.28:096][  0]LogUObjectArray: 2 objects are not in the root set, but can never be destroyed because they are in the DisregardForGC set.
[2022.02.08-01.36.28:096][  0]LogUObjectAllocator: 3223032 out of 0 bytes used by permanent object pool.
[2022.02.08-01.36.28:097][  0]LogUObjectArray: CloseDisregardForGC: 15798/15798 objects in disregard for GC pool
[2022.02.08-01.36.28:098][  0]LogEngine: Initializing Engine...
[2022.02.08-01.36.28:138][  0]LogHMD: Failed to enumerate extensions. Please check that you have a valid OpenXR runtime installed.
[2022.02.08-01.36.28:139][  0]LogHMD: Failed to initialize OpenVR with code 110
[2022.02.08-01.36.28:140][  0]LogStats: UGameplayTagsManager::InitializeManager -  0.000 s
[2022.02.08-01.36.28:191][  0]LogInit: Initializing FReadOnlyCVARCache
[2022.02.08-01.36.28:191][  0]LogAudio: Display: Initializing Audio Device Manager...
[2022.02.08-01.36.28:193][  0]LogAudio: Display: Loading Default Audio Settings Objects...
[2022.02.08-01.36.28:194][  0]LogAudio: Display: No default SoundConcurrencyObject specified (or failed to load).
[2022.02.08-01.36.28:194][  0]LogAudio: Display: Audio Device Manager Initialized
[2022.02.08-01.36.28:195][  0]LogAudio: Display: Creating Audio Device:                 Id: 1, Scope: Shared, Realtime: True
[2022.02.08-01.36.28:196][  0]LogAudioMixer: Display: Audio Mixer Platform Settings:
[2022.02.08-01.36.28:196][  0]LogAudioMixer: Display: 	Sample Rate:						  48000
[2022.02.08-01.36.28:197][  0]LogAudioMixer: Display: 	Callback Buffer Frame Size Requested: 1024
[2022.02.08-01.36.28:197][  0]LogAudioMixer: Display: 	Callback Buffer Frame Size To Use:	  1024
[2022.02.08-01.36.28:198][  0]LogAudioMixer: Display: 	Number of buffers to queue:			  2
[2022.02.08-01.36.28:198][  0]LogAudioMixer: Display: 	Max Channels (voices):				  32
[2022.02.08-01.36.28:199][  0]LogAudioMixer: Display: 	Number of Async Source Workers:		  0
[2022.02.08-01.36.28:199][  0]LogAudio: Display: AudioDevice MaxSources: 32
[2022.02.08-01.36.28:199][  0]LogAudio: Display: Audio Spatialization Plugin: None (built-in).
[2022.02.08-01.36.28:200][  0]LogAudio: Display: Audio Reverb Plugin: None (built-in).
[2022.02.08-01.36.28:200][  0]LogAudio: Display: Audio Occlusion Plugin: None (built-in).
[2022.02.08-01.36.28:200][  0]LogAudioMixer: Display: Initializing audio mixer.
[2022.02.08-01.36.28:268][  0]LogAudioDebug: Display: Lib vorbis DLL was dynamically loaded.
[2022.02.08-01.36.28:276][  0]LogAudioMixer: Display: 0: FrontLeft
[2022.02.08-01.36.28:276][  0]LogAudioMixer: Display: 1: FrontRight
[2022.02.08-01.36.28:304][  0]LogAudioMixer: Display: Using Audio Device Speakers (Realtek High Definition Audio)
[2022.02.08-01.36.28:305][  0]LogAudioMixer: Display: Initializing Sound Submixes...
[2022.02.08-01.36.28:306][  0]LogAudioMixer: Display: Creating Master Submix 'MasterSubmixDefault'
[2022.02.08-01.36.28:306][  0]LogAudioMixer: Display: Creating Master Submix 'MasterReverbSubmixDefault'
[2022.02.08-01.36.28:308][  0]LogAudioMixer: Display: Creating Master Submix 'MasterEQSubmixDefault'
[2022.02.08-01.36.28:308][  0]LogAudioMixer: FMixerPlatformXAudio2::StartAudioStream() called
[2022.02.08-01.36.28:308][  0]LogAudioMixer: Display: Output buffers initialized: Frames=1024, Channels=2, Samples=2048
[2022.02.08-01.36.28:309][  0]LogAudioMixer: Display: Starting AudioMixerPlatformInterface::RunInternal()
[2022.02.08-01.36.28:309][  0]LogAudioMixer: Display: FMixerPlatformXAudio2::SubmitBuffer() called for the first time
[2022.02.08-01.36.28:309][  0]LogInit: FAudioDevice initialized.
[2022.02.08-01.36.28:311][  0]LogNetVersion: Set ProjectVersion to 1.0.0.0. Version Checksum will be recalculated on next use.
[2022.02.08-01.36.28:311][  0]LogInit: Texture streaming: Enabled
[2022.02.08-01.36.28:335][  0]LogTemp: Warning: INIT
[2022.02.08-01.36.28:336][  0]LogAudio: Display: Audio Device (ID: 1) registered with world 'Untitled'.
[2022.02.08-01.36.28:336][  0]LogSlate: Updating window title bar state: overlay mode, drag disabled, window buttons hidden, title bar hidden
[2022.02.08-01.36.28:337][  0]LogInit: Display: Game Engine Initialized.
[2022.02.08-01.36.28:338][  0]LogInit: Display: Starting Game.
[2022.02.08-01.36.28:338][  0]LogNet: Browse: /Game/Scenes/MainMenu?Name=Player
[2022.02.08-01.36.28:339][  0]LogLoad: LoadMap: /Game/Scenes/MainMenu?Name=Player
[2022.02.08-01.36.28:339][  0]LogWorld: BeginTearingDown for /Temp/Untitled_0
[2022.02.08-01.36.28:344][  0]LogWorld: UWorld::CleanupWorld for Untitled, bSessionEnded=true, bCleanupResources=true
[2022.02.08-01.36.28:344][  0]LogSlate: InvalidateAllWidgets triggered.  All widgets were invalidated
[2022.02.08-01.36.28:347][  0]LogAudio: Display: Audio Device unregistered from world 'None'.
[2022.02.08-01.36.28:349][  0]LogUObjectHash: Compacting FUObjectHashTables data took   0.72ms
[2022.02.08-01.36.28:355][  0]LogAudio: Display: Audio Device (ID: 1) registered with world 'MainMenu'.
[2022.02.08-01.36.28:357][  0]LogAIModule: Creating AISystem for world MainMenu
[2022.02.08-01.36.28:357][  0]LogLoad: Game class is 'BP_mMenu_GameModeBase_C'
[2022.02.08-01.36.28:359][  0]LogWorld: Bringing World /Game/Scenes/MainMenu.MainMenu up for play (max tick rate 0) at 2022.02.08-01.36.28
[2022.02.08-01.36.28:359][  0]LogWorld: Bringing up level for play took: 0.000443
[2022.02.08-01.36.28:360][  0]LogGameMode: FindPlayerStart: PATHS NOT DEFINED or NO PLAYERSTART with positive rating
[2022.02.08-01.36.28:365][  0]LogViewport: Display: Viewport MouseLockMode Changed, LockOnCapture -> DoNotLock
[2022.02.08-01.36.28:366][  0]LogViewport: Display: Viewport MouseCaptureMode Changed, CapturePermanently_IncludingInitialMouseDown -> NoCapture
[2022.02.08-01.36.28:366][  0]LogLoad: Took 0.027405 seconds to LoadMap(/Game/Scenes/MainMenu)
[2022.02.08-01.36.28:367][  0]LogSlate: Took 0.000296 seconds to synchronously load lazily loaded font '../../../Engine/Content/EngineFonts/Faces/RobotoBold.ufont' (160K)
[2022.02.08-01.36.28:450][  0]LogSlate: Took 0.000453 seconds to synchronously load lazily loaded font '../../../Engine/Content/Slate/Fonts/Roboto-Regular.ttf' (155K)
[2022.02.08-01.36.28:503][  0]LogRenderer: Reallocating scene render targets to support 1600x900 Format 10 NumSamples 1 (Frame:1).
[2022.02.08-01.36.28:504][  0]LogRHI: Display: ShaderPipelineCache: Paused Batching. 1
[2022.02.08-01.36.28:505][  0]LogPakFile: AllPaks IndexSizes: DirectoryHashSize=204436, PathHashSize=16, EntriesSize=32752, TotalSize=237204
[2022.02.08-01.36.28:505][  0]LogRHI: Display: ShaderPipelineCache: Resumed Batching. 0
[2022.02.08-01.36.28:505][  0]LogRHI: Display: ShaderPipelineCache: Batching Resumed.
[2022.02.08-01.36.28:506][  0]LogInit: Display: Engine is initialized. Leaving FEngineLoop::Init()
[2022.02.08-01.36.28:506][  0]LogLoad: (Engine Initialization) Total time: 3.92 seconds
[2022.02.08-01.36.28:509][  0]LogContentStreaming: Texture pool size now 1000 MB
[2022.02.08-01.36.28:511][  0]LogSlate: InvalidateAllWidgets triggered.  All widgets were invalidated
[2022.02.08-01.36.28:564][  0]LogSlate: Slate font cache was flushed
[2022.02.08-01.36.28:566][  1]LogSlate: Took 0.000248 seconds to synchronously load lazily loaded font '../../../Engine/Content/Slate/Fonts/Roboto-Regular.ttf' (155K)
[2022.02.08-01.36.28:567][  1]LogSlate: Took 0.000283 seconds to synchronously load lazily loaded font '../../../Engine/Content/EngineFonts/Faces/RobotoBold.ufont' (160K)
[2022.02.08-01.36.42:007][101]LogTemp: Warning: CreateServer
[2022.02.08-01.36.42:012][101]LogTemp: Warning: OnCreateSessionComplete success=1
[2022.02.08-01.36.42:013][101]LogGameMode: ProcessServerTravel: /Game/Scenes/dev_scene?listen
[2022.02.08-01.36.42:013][101]LogWorld: SeamlessTravel to: /Game/Scenes/dev_scene
[2022.02.08-01.36.42:014][101]LogWorld: BeginTearingDown for /Game/Scenes/MainMenu
[2022.02.08-01.36.42:015][101]LogWorld: UWorld::CleanupWorld for MainMenu, bSessionEnded=false, bCleanupResources=true
[2022.02.08-01.36.42:015][101]LogSlate: InvalidateAllWidgets triggered.  All widgets were invalidated
[2022.02.08-01.36.42:041][101]LogAudio: Display: Audio Device (ID: 1) registered with world 'Untitled'.
[2022.02.08-01.36.42:043][101]LogAudio: Display: Audio Device unregistered from world 'None'.
[2022.02.08-01.36.42:045][101]LogUObjectHash: Compacting FUObjectHashTables data took   1.21ms
[2022.02.08-01.36.42:047][101]LogStats:     SeamlessTravel FlushLevelStreaming  -  0.001 s
[2022.02.08-01.36.42:047][101]LogAIModule: Creating AISystem for world Untitled
[2022.02.08-01.36.42:048][101]LogWorld: Bringing World /Temp/Untitled_1.Untitled up for play (max tick rate 0) at 2022.02.08-01.36.42
[2022.02.08-01.36.42:048][101]LogWorld: Bringing up level for play took: 0.000493
[2022.02.08-01.36.42:049][101]LogWorld: Sending NotifyLoadedWorld for LP: LocalPlayer_2147482582 PC: PlayerController_2147482553
[2022.02.08-01.36.42:049][101]LogNet: Verbose: NotifyLoadedWorld Begin
[2022.02.08-01.36.42:049][101]LogNet: Verbose: NotifyLoadedWorld End
[2022.02.08-01.36.42:050][101]LogWorld: StartLoadingDestination to: /Game/Scenes/dev_scene
[2022.02.08-01.36.42:066][102]LogWorld: BeginTearingDown for /Temp/Untitled_1
[2022.02.08-01.36.42:067][102]LogWorld: UWorld::CleanupWorld for Untitled, bSessionEnded=true, bCleanupResources=true
[2022.02.08-01.36.42:067][102]LogSlate: InvalidateAllWidgets triggered.  All widgets were invalidated
[2022.02.08-01.36.42:104][102]LogAudio: Display: Waited 35.415001 ms for audio thread.
[2022.02.08-01.36.42:111][102]LogAudio: Display: Waited 43.099400 ms for audio thread.
[2022.02.08-01.36.42:111][102]LogAudio: Display: Audio Device (ID: 1) registered with world 'dev_scene'.
[2022.02.08-01.36.42:115][102]LogAudio: Display: Audio Device unregistered from world 'None'.
[2022.02.08-01.36.42:117][102]LogUObjectHash: Compacting FUObjectHashTables data took   1.05ms
[2022.02.08-01.36.42:121][102]LogAIModule: Creating AISystem for world dev_scene
[2022.02.08-01.36.42:122][102]LogLoad: Game class is 'BP_GameMode_C'
[2022.02.08-01.36.42:124][102]LogStats:     SeamlessTravel FlushLevelStreaming  -  0.001 s
[2022.02.08-01.36.42:126][102]LogWorld: Bringing World /Game/Scenes/dev_scene.dev_scene up for play (max tick rate 0) at 2022.02.08-01.36.42
[2022.02.08-01.36.42:126][102]LogWorld: Bringing up level for play took: 0.001014
[2022.02.08-01.36.42:127][102]LogWorld: Sending NotifyLoadedWorld for LP: LocalPlayer_2147482582 PC: PlayerController_2147482553
[2022.02.08-01.36.42:127][102]LogNet: Verbose: NotifyLoadedWorld Begin
[2022.02.08-01.36.42:128][102]LogNet: Verbose: NotifyLoadedWorld End
[2022.02.08-01.36.42:129][102]LogWorld: ----SeamlessTravel finished in 0.12 seconds ------
[2022.02.08-01.36.42:138][102]LogViewport: Display: Viewport MouseLockMode Changed, DoNotLock -> LockOnCapture
[2022.02.08-01.36.42:138][102]LogViewport: Display: Viewport MouseCaptureMode Changed, NoCapture -> CapturePermanently
